2025-07-31 17:48:38,168 - data_ingestion - ERROR - failed to complete the data ingestion process : [Errno 2] No such file or directory: '/kaggle/input/online-food-dataset/onlinefoods.csv'
2025-07-31 17:54:30,550 - data_ingestion - DEBUG - Data loaded from D:/online_Food_feedback_prediction/onlinefoods.csv
2025-07-31 18:13:49,314 - data_ingestion - DEBUG - Data loaded from D:/online_Food_feedback_prediction/onlinefoods.csv
2025-07-31 18:13:49,315 - data_ingestion - DEBUG - Data Preprocess Completed
2025-07-31 18:13:49,317 - data_ingestion - ERROR - unexpected error occuring while saving the data [WinError 3] The system cannot find the path specified: '.data \\raw'
2025-07-31 18:13:49,317 - data_ingestion - ERROR - failed to complete the data ingestion process : [WinError 3] The system cannot find the path specified: '.data \\raw'
2025-07-31 18:14:27,063 - data_ingestion - DEBUG - Data loaded from D:/online_Food_feedback_prediction/onlinefoods.csv
2025-07-31 18:14:27,063 - data_ingestion - DEBUG - Data Preprocess Completed
2025-07-31 18:14:27,078 - data_ingestion - ERROR - unexpected error occuring while saving the data name 'Fasle' is not defined
2025-07-31 18:14:27,078 - data_ingestion - ERROR - failed to complete the data ingestion process : name 'Fasle' is not defined
2025-07-31 18:18:10,595 - data_ingestion - DEBUG - Data loaded from D:/online_Food_feedback_prediction/onlinefoods.csv
2025-07-31 18:18:10,595 - data_ingestion - DEBUG - Data Preprocess Completed
2025-07-31 18:18:10,608 - data_ingestion - DEBUG - Train adn Test data saved ./data\raw
2025-07-31 18:52:36,149 - data_ingestion - DEBUG - Data loaded properly
2025-07-31 18:52:36,149 - data_ingestion - DEBUG - starting preprocessing for DataFrame
2025-07-31 18:52:36,149 - data_ingestion - DEBUG - Target columns encoded
2025-07-31 18:52:36,149 - data_ingestion - DEBUG - starting preprocessing for DataFrame
2025-07-31 18:52:36,155 - data_ingestion - DEBUG - Target columns encoded
2025-07-31 18:52:36,160 - data_ingestion - DEBUG - processed data saved ./data\intrim
2025-07-31 20:16:44,783 - data_ingestion - DEBUG - initilizig RandomForest model  with parameters {'n_estimators': 25, 'random_state': 42}
2025-07-31 20:16:44,783 - data_ingestion - DEBUG - Model training started with 310 samples
2025-07-31 20:16:45,052 - data_ingestion - DEBUG - Model training completed
2025-07-31 20:16:45,066 - data_ingestion - DEBUG - Model saved to models/model.pkl
2025-07-31 21:50:22,087 - data_ingestion - ERROR - file not found [Errno 2] No such file or directory: '.models/model.pkl'
2025-07-31 21:50:22,087 - data_ingestion - ERROR - failed to complete the model evaluation process [Errno 2] No such file or directory: '.models/model.pkl'
2025-07-31 21:50:40,917 - data_ingestion - DEBUG - model loaded from ./models/model.pkl
2025-07-31 21:50:40,928 - data_ingestion - DEBUG - Data loaded from ./data/intrim/test_processed_data
2025-07-31 21:50:40,943 - data_ingestion - DEBUG - model evaluation metrics calculated
2025-07-31 21:50:40,944 - data_ingestion - DEBUG - metrics saved report/metrics.json
2025-07-31 22:22:11,372 - data_ingestion - DEBUG - Data loaded from D:/online_Food_feedback_prediction/onlinefoods.csv
2025-07-31 22:22:11,474 - data_ingestion - DEBUG - Data Preprocess Completed
2025-07-31 22:22:11,541 - data_ingestion - DEBUG - Train adn Test data saved ./data\raw
2025-07-31 22:23:41,118 - data_ingestion - DEBUG - Data loaded from D:/online_Food_feedback_prediction/onlinefoods.csv
2025-07-31 22:23:41,118 - data_ingestion - DEBUG - Data Preprocess Completed
2025-07-31 22:23:41,136 - data_ingestion - DEBUG - Train adn Test data saved ./data\raw
2025-07-31 22:24:55,136 - data_ingestion - DEBUG - Data loaded from D:/online_Food_feedback_prediction/onlinefoods.csv
2025-07-31 22:24:55,146 - data_ingestion - DEBUG - Data Preprocess Completed
2025-07-31 22:24:55,160 - data_ingestion - DEBUG - Train adn Test data saved ./data\raw
2025-07-31 22:25:20,042 - data_ingestion - DEBUG - Data loaded from D:/online_Food_feedback_prediction/onlinefoods.csv
2025-07-31 22:25:20,042 - data_ingestion - DEBUG - Data Preprocess Completed
2025-07-31 22:25:20,062 - data_ingestion - DEBUG - Train adn Test data saved ./data\raw
2025-07-31 22:25:25,508 - data_ingestion - DEBUG - Data loaded properly
2025-07-31 22:25:25,508 - data_ingestion - DEBUG - starting preprocessing for DataFrame
2025-07-31 22:25:25,518 - data_ingestion - DEBUG - Target columns encoded
2025-07-31 22:25:25,518 - data_ingestion - DEBUG - starting preprocessing for DataFrame
2025-07-31 22:25:25,525 - data_ingestion - DEBUG - Target columns encoded
2025-07-31 22:25:25,541 - data_ingestion - DEBUG - processed data saved ./data\intrim
2025-07-31 22:26:47,620 - data_ingestion - DEBUG - Data loaded properly
2025-07-31 22:26:47,623 - data_ingestion - DEBUG - starting preprocessing for DataFrame
2025-07-31 22:26:47,623 - data_ingestion - DEBUG - Target columns encoded
2025-07-31 22:26:47,623 - data_ingestion - DEBUG - starting preprocessing for DataFrame
2025-07-31 22:26:47,636 - data_ingestion - DEBUG - Target columns encoded
2025-07-31 22:26:47,659 - data_ingestion - DEBUG - processed data saved ./data\intrim
2025-07-31 22:27:09,245 - data_ingestion - DEBUG - Data loaded properly
2025-07-31 22:27:09,245 - data_ingestion - DEBUG - starting preprocessing for DataFrame
2025-07-31 22:27:09,255 - data_ingestion - DEBUG - Target columns encoded
2025-07-31 22:27:09,255 - data_ingestion - DEBUG - starting preprocessing for DataFrame
2025-07-31 22:27:09,260 - data_ingestion - DEBUG - Target columns encoded
2025-07-31 22:27:09,275 - data_ingestion - DEBUG - processed data saved ./data\intrim
2025-07-31 22:27:57,422 - data_ingestion - DEBUG - initilizig RandomForest model  with parameters {'n_estimators': 20, 'random_state': 42}
2025-07-31 22:27:57,422 - data_ingestion - DEBUG - Model training started with 310 samples
2025-07-31 22:27:57,505 - data_ingestion - DEBUG - Model training completed
2025-07-31 22:27:57,505 - data_ingestion - DEBUG - Model saved to models/model.pkl
2025-07-31 22:28:18,351 - data_ingestion - DEBUG - initilizig RandomForest model  with parameters {'n_estimators': 20, 'random_state': 42}
2025-07-31 22:28:18,351 - data_ingestion - DEBUG - Model training started with 310 samples
2025-07-31 22:28:18,406 - data_ingestion - DEBUG - Model training completed
2025-07-31 22:28:18,406 - data_ingestion - DEBUG - Model saved to models/model.pkl
2025-07-31 22:28:23,927 - data_ingestion - DEBUG - model loaded from ./models/model.pkl
2025-07-31 22:28:23,938 - data_ingestion - DEBUG - Data loaded from ./data/intrim/test_processed_data
2025-07-31 22:28:23,993 - data_ingestion - DEBUG - model evaluation metrics calculated
2025-07-31 22:28:24,004 - data_ingestion - DEBUG - metrics saved report/metrics.json
2025-07-31 22:28:57,444 - data_ingestion - DEBUG - model loaded from ./models/model.pkl
2025-07-31 22:28:57,467 - data_ingestion - DEBUG - Data loaded from ./data/intrim/test_processed_data
2025-07-31 22:28:57,548 - data_ingestion - DEBUG - model evaluation metrics calculated
2025-07-31 22:28:57,583 - data_ingestion - DEBUG - metrics saved report/metrics.json
2025-07-31 22:29:19,016 - data_ingestion - DEBUG - model loaded from ./models/model.pkl
2025-07-31 22:29:19,016 - data_ingestion - DEBUG - Data loaded from ./data/intrim/test_processed_data
2025-07-31 22:29:19,054 - data_ingestion - DEBUG - model evaluation metrics calculated
2025-07-31 22:29:19,056 - data_ingestion - DEBUG - metrics saved report/metrics.json
2025-07-31 22:44:39,836 - data_ingestion - DEBUG - Data loaded from D:/online_Food_feedback_prediction/onlinefoods.csv
2025-07-31 22:44:39,852 - data_ingestion - DEBUG - Data Preprocess Completed
2025-07-31 22:44:39,852 - data_ingestion - DEBUG - Train adn Test data saved ./data\raw
2025-07-31 22:46:29,755 - data_ingestion - DEBUG - Parameters retrieved from params.yaml
2025-07-31 22:46:29,762 - data_ingestion - DEBUG - initilizig RandomForest model  with parameters {'n_estimators': 22, 'random_state': 2}
2025-07-31 22:46:29,762 - data_ingestion - DEBUG - Model training started with 310 samples
2025-07-31 22:46:29,832 - data_ingestion - DEBUG - Model training completed
2025-07-31 22:46:29,834 - data_ingestion - DEBUG - Model saved to models/model.pkl
2025-07-31 22:46:35,636 - data_ingestion - DEBUG - model loaded from ./models/model.pkl
2025-07-31 22:46:35,642 - data_ingestion - DEBUG - Data loaded from ./data/intrim/test_processed_data
2025-07-31 22:46:35,671 - data_ingestion - DEBUG - model evaluation metrics calculated
2025-07-31 22:46:35,673 - data_ingestion - DEBUG - metrics saved report/metrics.json
2025-07-31 22:57:54,913 - data_ingestion - DEBUG - Data loaded from D:/online_Food_feedback_prediction/onlinefoods.csv
2025-07-31 22:57:54,923 - data_ingestion - DEBUG - Data Preprocess Completed
2025-07-31 22:57:54,958 - data_ingestion - DEBUG - Train adn Test data saved ./data\raw
2025-07-31 22:58:02,537 - data_ingestion - DEBUG - Parameters retrieved from params.yaml
2025-07-31 22:58:02,541 - data_ingestion - DEBUG - initilizig RandomForest model  with parameters {'n_estimators': 25, 'random_state': 0}
2025-07-31 22:58:02,541 - data_ingestion - DEBUG - Model training started with 310 samples
2025-07-31 22:58:02,649 - data_ingestion - DEBUG - Model training completed
2025-07-31 22:58:02,655 - data_ingestion - DEBUG - Model saved to models/model.pkl
2025-07-31 22:58:09,767 - data_ingestion - DEBUG - model loaded from ./models/model.pkl
2025-07-31 22:58:09,776 - data_ingestion - DEBUG - Data loaded from ./data/intrim/test_processed_data
2025-07-31 22:58:09,823 - data_ingestion - DEBUG - model evaluation metrics calculated
2025-07-31 22:58:09,825 - data_ingestion - DEBUG - metrics saved report/metrics.json
2025-07-31 23:01:07,599 - data_ingestion - DEBUG - Data loaded from D:/online_Food_feedback_prediction/onlinefoods.csv
2025-07-31 23:01:07,603 - data_ingestion - DEBUG - Data Preprocess Completed
2025-07-31 23:01:07,627 - data_ingestion - DEBUG - Train adn Test data saved ./data\raw
2025-07-31 23:01:17,102 - data_ingestion - DEBUG - Parameters retrieved from params.yaml
2025-07-31 23:01:17,114 - data_ingestion - DEBUG - initilizig RandomForest model  with parameters {'n_estimators': 30, 'random_state': 30}
2025-07-31 23:01:17,114 - data_ingestion - DEBUG - Model training started with 310 samples
2025-07-31 23:01:17,268 - data_ingestion - DEBUG - Model training completed
2025-07-31 23:01:17,276 - data_ingestion - DEBUG - Model saved to models/model.pkl
2025-07-31 23:01:26,711 - data_ingestion - DEBUG - model loaded from ./models/model.pkl
2025-07-31 23:01:26,725 - data_ingestion - DEBUG - Data loaded from ./data/intrim/test_processed_data
2025-07-31 23:01:26,799 - data_ingestion - DEBUG - model evaluation metrics calculated
2025-07-31 23:01:26,799 - data_ingestion - DEBUG - metrics saved report/metrics.json
2025-07-31 23:02:40,349 - data_ingestion - DEBUG - Parameters retrieved from params.yaml
2025-07-31 23:02:40,358 - data_ingestion - DEBUG - initilizig RandomForest model  with parameters {'n_estimators': 40, 'random_state': 42}
2025-07-31 23:02:40,358 - data_ingestion - DEBUG - Model training started with 310 samples
2025-07-31 23:02:40,596 - data_ingestion - DEBUG - Model training completed
2025-07-31 23:02:40,602 - data_ingestion - DEBUG - Model saved to models/model.pkl
2025-07-31 23:02:48,378 - data_ingestion - DEBUG - model loaded from ./models/model.pkl
2025-07-31 23:02:48,389 - data_ingestion - DEBUG - Data loaded from ./data/intrim/test_processed_data
2025-07-31 23:02:48,437 - data_ingestion - DEBUG - model evaluation metrics calculated
2025-07-31 23:02:48,437 - data_ingestion - DEBUG - metrics saved report/metrics.json
2025-08-02 23:11:01,121 - data_ingestion - DEBUG - Parameters retrieved from params.yaml
2025-08-02 23:11:01,204 - data_ingestion - DEBUG - Data loaded from D:/online_Food_feedback_prediction/onlinefoods.csv
2025-08-02 23:11:01,320 - data_ingestion - DEBUG - Data Preprocess Completed
2025-08-02 23:11:01,372 - data_ingestion - DEBUG - Train adn Test data saved ./data\raw
2025-08-02 23:11:08,770 - data_ingestion - DEBUG - Data loaded properly
2025-08-02 23:11:08,770 - data_ingestion - DEBUG - starting preprocessing for DataFrame
2025-08-02 23:11:08,770 - data_ingestion - ERROR - Error during encoding 'LabelEncoder' object is not callable
2025-08-02 23:11:08,770 - data_ingestion - ERROR - failed to complete the data transformation process : 'LabelEncoder' object is not callable
2025-08-02 23:17:34,027 - data_ingestion - DEBUG - Data loaded properly
2025-08-02 23:17:34,027 - data_ingestion - DEBUG - starting preprocessing for DataFrame
2025-08-02 23:17:34,027 - data_ingestion - ERROR - Error during encoding 'LabelEncoder' object is not callable
2025-08-02 23:17:34,027 - data_ingestion - ERROR - failed to complete the data transformation process : 'LabelEncoder' object is not callable
2025-08-02 23:21:05,007 - data_ingestion - DEBUG - Data loaded properly
2025-08-02 23:21:05,007 - data_ingestion - DEBUG - starting preprocessing for DataFrame
2025-08-02 23:21:05,007 - data_ingestion - ERROR - Error during encoding 'OneHotEncoder' object is not callable
2025-08-02 23:21:05,007 - data_ingestion - ERROR - failed to complete the data transformation process : 'OneHotEncoder' object is not callable
2025-08-02 23:27:53,430 - data_ingestion - DEBUG - Parameters retrieved from params.yaml
2025-08-02 23:27:53,444 - data_ingestion - DEBUG - Data loaded from D:/online_Food_feedback_prediction/onlinefoods.csv
2025-08-02 23:27:53,448 - data_ingestion - DEBUG - Data Preprocess Completed
2025-08-02 23:27:53,467 - data_ingestion - DEBUG - Train adn Test data saved ./data\raw
2025-08-02 23:28:00,639 - data_ingestion - DEBUG - Data loaded properly
2025-08-02 23:28:00,641 - data_ingestion - DEBUG - starting preprocessing for DataFrame
2025-08-02 23:28:00,641 - data_ingestion - ERROR - Error during encoding 'OneHotEncoder' object is not callable
2025-08-02 23:28:00,643 - data_ingestion - ERROR - failed to complete the data transformation process : 'OneHotEncoder' object is not callable
2025-08-02 23:29:01,634 - data_ingestion - DEBUG - Data loaded properly
2025-08-02 23:29:01,634 - data_ingestion - DEBUG - starting preprocessing for DataFrame
2025-08-02 23:29:01,634 - data_ingestion - ERROR - Error during encoding 'OneHotEncoder' object is not callable
2025-08-02 23:29:01,634 - data_ingestion - ERROR - failed to complete the data transformation process : 'OneHotEncoder' object is not callable
2025-08-02 23:30:33,679 - data_ingestion - DEBUG - Data loaded properly
2025-08-02 23:30:33,679 - data_ingestion - DEBUG - starting preprocessing for DataFrame
2025-08-02 23:30:33,679 - data_ingestion - ERROR - Error during encoding OneHotEncoder.__init__() got an unexpected keyword argument 'sparse'
2025-08-02 23:30:33,679 - data_ingestion - ERROR - failed to complete the data transformation process : OneHotEncoder.__init__() got an unexpected keyword argument 'sparse'
2025-08-02 23:31:13,585 - data_ingestion - DEBUG - Data loaded properly
2025-08-02 23:31:13,585 - data_ingestion - DEBUG - starting preprocessing for DataFrame
2025-08-02 23:31:13,585 - data_ingestion - ERROR - Error during encoding OneHotEncoder.__init__() got an unexpected keyword argument 'sparse'
2025-08-02 23:31:13,585 - data_ingestion - ERROR - failed to complete the data transformation process : OneHotEncoder.__init__() got an unexpected keyword argument 'sparse'
2025-08-02 23:32:04,003 - data_ingestion - DEBUG - Data loaded properly
2025-08-02 23:32:04,003 - data_ingestion - DEBUG - starting preprocessing for DataFrame
2025-08-02 23:32:04,186 - data_ingestion - DEBUG - Target columns encoded
2025-08-02 23:32:04,186 - data_ingestion - DEBUG - starting preprocessing for DataFrame
2025-08-02 23:32:04,186 - data_ingestion - DEBUG - Target columns encoded
2025-08-02 23:32:04,186 - data_ingestion - ERROR - failed to complete the data transformation process : 'numpy.ndarray' object has no attribute 'to_csv'
2025-08-02 23:32:12,067 - data_ingestion - DEBUG - Parameters retrieved from params.yaml
2025-08-02 23:32:12,071 - data_ingestion - ERROR - Failed  to complete the model building process [Errno 2] No such file or directory: './data/intrim/train_processed_data'
2025-08-02 23:34:43,600 - data_ingestion - DEBUG - Data loaded properly
2025-08-02 23:34:43,600 - data_ingestion - DEBUG - starting preprocessing for DataFrame
2025-08-02 23:34:43,600 - data_ingestion - ERROR - Error during encoding Names provided are not unique: ['trf1', 'trf1']
2025-08-02 23:34:43,600 - data_ingestion - ERROR - failed to complete the data transformation process : Names provided are not unique: ['trf1', 'trf1']
2025-08-02 23:35:04,599 - data_ingestion - DEBUG - Data loaded properly
2025-08-02 23:35:04,599 - data_ingestion - DEBUG - starting preprocessing for DataFrame
2025-08-02 23:35:04,630 - data_ingestion - ERROR - column not found 'Feedback'
2025-08-02 23:35:04,630 - data_ingestion - ERROR - failed to complete the data transformation process : 'Feedback'
2025-08-02 23:37:46,065 - data_ingestion - DEBUG - Data loaded properly
2025-08-02 23:37:46,065 - data_ingestion - DEBUG - starting preprocessing for DataFrame
2025-08-02 23:37:46,085 - data_ingestion - DEBUG - Target columns encoded
2025-08-02 23:37:46,086 - data_ingestion - DEBUG - starting preprocessing for DataFrame
2025-08-02 23:37:46,096 - data_ingestion - DEBUG - Target columns encoded
2025-08-02 23:37:46,110 - data_ingestion - DEBUG - processed data saved ./data\intrim
2025-08-02 23:37:52,377 - data_ingestion - DEBUG - Parameters retrieved from params.yaml
2025-08-02 23:37:52,390 - data_ingestion - DEBUG - initilizig RandomForest model  with parameters {'n_estimators': 40, 'random_state': 42}
2025-08-02 23:37:52,390 - data_ingestion - DEBUG - Model training started with 310 samples
2025-08-02 23:37:52,641 - data_ingestion - DEBUG - Model training completed
2025-08-02 23:37:52,650 - data_ingestion - DEBUG - Model saved to models/model.pkl
2025-08-02 23:37:59,093 - data_ingestion - DEBUG - model loaded from ./models/model.pkl
2025-08-02 23:37:59,101 - data_ingestion - DEBUG - Data loaded from ./data/intrim/test_processed_data
2025-08-02 23:37:59,145 - data_ingestion - DEBUG - model evaluation metrics calculated
2025-08-02 23:37:59,145 - data_ingestion - DEBUG - metrics saved report/metrics.json
2025-08-02 23:54:22,569 - data_ingestion - DEBUG - Data loaded properly
2025-08-02 23:54:22,569 - data_ingestion - DEBUG - starting preprocessing for DataFrame
2025-08-02 23:54:22,590 - data_ingestion - DEBUG - Target columns encoded
2025-08-02 23:54:22,590 - data_ingestion - DEBUG - starting preprocessing for DataFrame
2025-08-02 23:54:22,609 - data_ingestion - DEBUG - Target columns encoded
2025-08-02 23:54:22,630 - data_ingestion - DEBUG - processed data saved ./data\interim
2025-08-02 23:54:57,173 - data_ingestion - DEBUG - Data loaded properly
2025-08-02 23:54:57,173 - data_ingestion - DEBUG - starting preprocessing for DataFrame
2025-08-02 23:54:57,173 - data_ingestion - DEBUG - Target columns encoded
2025-08-02 23:54:57,173 - data_ingestion - DEBUG - starting preprocessing for DataFrame
2025-08-02 23:54:57,197 - data_ingestion - DEBUG - Target columns encoded
2025-08-02 23:54:57,208 - data_ingestion - DEBUG - processed data saved ./data\interim
2025-08-02 23:55:22,794 - data_ingestion - DEBUG - Data loaded properly
2025-08-02 23:55:22,794 - data_ingestion - DEBUG - starting preprocessing for DataFrame
2025-08-02 23:55:22,808 - data_ingestion - DEBUG - Target columns encoded
2025-08-02 23:55:22,808 - data_ingestion - DEBUG - starting preprocessing for DataFrame
2025-08-02 23:55:22,818 - data_ingestion - DEBUG - Target columns encoded
2025-08-02 23:55:22,836 - data_ingestion - DEBUG - processed data saved ./data\interim
2025-08-02 23:55:29,167 - data_ingestion - DEBUG - Parameters retrieved from params.yaml
2025-08-02 23:55:29,171 - data_ingestion - ERROR - Failed  to complete the model building process [Errno 2] No such file or directory: './data/intrim/train_processed_data'
2025-08-02 23:56:47,009 - data_ingestion - DEBUG - Parameters retrieved from params.yaml
2025-08-02 23:56:47,020 - data_ingestion - DEBUG - initilizig RandomForest model  with parameters {'n_estimators': 40, 'random_state': 42}
2025-08-02 23:56:47,020 - data_ingestion - DEBUG - Model training started with 310 samples
2025-08-02 23:56:47,117 - data_ingestion - DEBUG - Model training completed
2025-08-02 23:56:47,120 - data_ingestion - DEBUG - Model saved to models/model.pkl
2025-08-09 00:36:22,486 - data_ingestion - DEBUG - Parameters retrieved from params.yaml
2025-08-09 00:36:23,917 - data_ingestion - DEBUG - model loaded from ./models/model.pkl
2025-08-09 00:36:23,937 - data_ingestion - ERROR - unexcepted error occured while loading the dats [Errno 2] No such file or directory: './data/intrim/test_processed_data'
2025-08-09 00:36:23,938 - data_ingestion - ERROR - failed to complete the model evaluation process [Errno 2] No such file or directory: './data/intrim/test_processed_data'
